# JRE version: Java(TM) SE Runtime Environment (21.0.8+12) (build 21.0.8+12-LTS-250)
# Java VM: Java HotSpot(TM) 64-Bit Server VM (21.0.8+12-LTS-250, mixed mode, sharing, tiered, compressed oops, compressed class ptrs, g1 gc, windows-amd64)
GC Precious Log:
 CardTable entry size: 512
 Card Set container configuration: InlinePtr #cards 5 size 8 Array Of Cards #cards 12 size 40 Howl #buckets 4 coarsen threshold 1843 Howl Bitmap #cards 512 size 80 coarsen threshold 460 Card regions per heap region 1 cards per card region 2048
 CPUs: 4 total, 4 available
 Memory: 3986M
 Large Page Support: Disabled
 NUMA Support: Disabled
 Compressed Oops: Enabled (32-bit)
 Heap Region Size: 1M
 Heap Min Capacity: 8M
 Heap Initial Capacity: 64M
 Heap Max Capacity: 998M
 Pre-touch: Disabled
 Parallel Workers: 4
 Concurrent Workers: 1
 Concurrent Refinement Workers: 4
 Periodic GC: Disabled
Heap:
 garbage-first heap   total 83968K, used 68980K [0x00000000c1a00000, 0x0000000100000000)
  region size 1024K, 33 young (33792K), 3 survivors (3072K)
 Metaspace       used 31712K, committed 32256K, reserved 1114112K
  class space    used 3580K, committed 3776K, reserved 1048576K
GC Heap History (20 events):
Event: 2.907 GC heap before
{Heap before GC invocations=1 (full 0):
 garbage-first heap   total 65536K, used 18560K [0x00000000c1a00000, 0x0000000100000000)
  region size 1024K, 17 young (17408K), 2 survivors (2048K)
 Metaspace       used 5983K, committed 6144K, reserved 1114112K
  class space    used 693K, committed 768K, reserved 1048576K
}
Event: 2.916 GC heap after
{Heap after GC invocations=2 (full 0):
 garbage-first heap   total 65536K, used 4065K [0x00000000c1a00000, 0x0000000100000000)
  region size 1024K, 1 young (1024K), 1 survivors (1024K)
 Metaspace       used 5983K, committed 6144K, reserved 1114112K
  class space    used 693K, committed 768K, reserved 1048576K
}
Event: 4.814 GC heap before
{Heap before GC invocations=2 (full 0):
 garbage-first heap   total 65536K, used 40929K [0x00000000c1a00000, 0x0000000100000000)
  region size 1024K, 38 young (38912K), 1 survivors (1024K)
 Metaspace       used 12089K, committed 12288K, reserved 1114112K
  class space    used 1449K, committed 1536K, reserved 1048576K
}
Event: 4.826 GC heap after
{Heap after GC invocations=3 (full 0):
 garbage-first heap   total 65536K, used 6823K [0x00000000c1a00000, 0x0000000100000000)
  region size 1024K, 4 young (4096K), 4 survivors (4096K)
 Metaspace       used 12089K, committed 12288K, reserved 1114112K
  class space    used 1449K, committed 1536K, reserved 1048576K
}
Event: 6.456 GC heap before
{Heap before GC invocations=3 (full 0):
 garbage-first heap   total 65536K, used 41639K [0x00000000c1a00000, 0x0000000100000000)
  region size 1024K, 38 young (38912K), 4 survivors (4096K)
 Metaspace       used 15613K, committed 15872K, reserved 1114112K
  class space    used 1818K, committed 1920K, reserved 1048576K
}
Event: 6.477 GC heap after
{Heap after GC invocations=4 (full 0):
 garbage-first heap   total 65536K, used 11716K [0x00000000c1a00000, 0x0000000100000000)
  region size 1024K, 5 young (5120K), 5 survivors (5120K)
 Metaspace       used 15613K, committed 15872K, reserved 1114112K
  class space    used 1818K, committed 1920K, reserved 1048576K
}
Event: 7.566 GC heap before
{Heap before GC invocations=4 (full 0):
 garbage-first heap   total 65536K, used 45508K [0x00000000c1a00000, 0x0000000100000000)
  region size 1024K, 38 young (38912K), 5 survivors (5120K)
 Metaspace       used 16086K, committed 16384K, reserved 1114112K
  class space    used 1842K, committed 1984K, reserved 1048576K
}
Event: 7.586 GC heap after
{Heap after GC invocations=5 (full 0):
 garbage-first heap   total 65536K, used 14256K [0x00000000c1a00000, 0x0000000100000000)
  region size 1024K, 3 young (3072K), 3 survivors (3072K)
 Metaspace       used 16086K, committed 16384K, reserved 1114112K
  class space    used 1842K, committed 1984K, reserved 1048576K
}
Event: 11.445 GC heap before
{Heap before GC invocations=5 (full 0):
 garbage-first heap   total 65536K, used 50096K [0x00000000c1a00000, 0x0000000100000000)
  region size 1024K, 38 young (38912K), 3 survivors (3072K)
 Metaspace       used 17721K, committed 18048K, reserved 1114112K
  class space    used 2005K, committed 2176K, reserved 1048576K
}
Event: 11.459 GC heap after
{Heap after GC invocations=6 (full 0):
 garbage-first heap   total 65536K, used 15360K [0x00000000c1a00000, 0x0000000100000000)
  region size 1024K, 2 young (2048K), 2 survivors (2048K)
 Metaspace       used 17721K, committed 18048K, reserved 1114112K
  class space    used 2005K, committed 2176K, reserved 1048576K
}
Event: 13.058 GC heap before
{Heap before GC invocations=6 (full 0):
 garbage-first heap   total 65536K, used 44032K [0x00000000c1a00000, 0x0000000100000000)
  region size 1024K, 24 young (24576K), 2 survivors (2048K)
 Metaspace       used 21149K, committed 21504K, reserved 1114112K
  class space    used 2413K, committed 2560K, reserved 1048576K
}
Event: 13.079 GC heap after
{Heap after GC invocations=7 (full 0):
 garbage-first heap   total 65536K, used 26056K [0x00000000c1a00000, 0x0000000100000000)
  region size 1024K, 5 young (5120K), 5 survivors (5120K)
 Metaspace       used 21149K, committed 21504K, reserved 1114112K
  class space    used 2413K, committed 2560K, reserved 1048576K
}
Event: 16.611 GC heap before
{Heap before GC invocations=8 (full 0):
 garbage-first heap   total 65536K, used 54728K [0x00000000c1a00000, 0x0000000100000000)
  region size 1024K, 32 young (32768K), 5 survivors (5120K)
 Metaspace       used 26240K, committed 26560K, reserved 1114112K
  class space    used 2964K, committed 3136K, reserved 1048576K
}
Event: 16.641 GC heap after
{Heap after GC invocations=9 (full 0):
 garbage-first heap   total 69632K, used 36352K [0x00000000c1a00000, 0x0000000100000000)
  region size 1024K, 4 young (4096K), 4 survivors (4096K)
 Metaspace       used 26240K, committed 26560K, reserved 1114112K
  class space    used 2964K, committed 3136K, reserved 1048576K
}
Event: 17.484 GC heap before
{Heap before GC invocations=9 (full 0):
 garbage-first heap   total 69632K, used 55808K [0x00000000c1a00000, 0x0000000100000000)
  region size 1024K, 23 young (23552K), 4 survivors (4096K)
 Metaspace       used 26793K, committed 27200K, reserved 1114112K
  class space    used 3026K, committed 3200K, reserved 1048576K
}
Event: 17.512 GC heap after
{Heap after GC invocations=10 (full 0):
 garbage-first heap   total 69632K, used 39936K [0x00000000c1a00000, 0x0000000100000000)
  region size 1024K, 3 young (3072K), 3 survivors (3072K)
 Metaspace       used 26793K, committed 27200K, reserved 1114112K
  class space    used 3026K, committed 3200K, reserved 1048576K
}
Event: 19.981 GC heap before
{Heap before GC invocations=10 (full 0):
 garbage-first heap   total 69632K, used 57344K [0x00000000c1a00000, 0x0000000100000000)
  region size 1024K, 21 young (21504K), 3 survivors (3072K)
 Metaspace       used 27968K, committed 28352K, reserved 1114112K
  class space    used 3148K, committed 3328K, reserved 1048576K
}
Event: 19.994 GC heap after
{Heap after GC invocations=11 (full 0):
 garbage-first heap   total 83968K, used 41555K [0x00000000c1a00000, 0x0000000100000000)
  region size 1024K, 2 young (2048K), 2 survivors (2048K)
 Metaspace       used 27968K, committed 28352K, reserved 1114112K
  class space    used 3148K, committed 3328K, reserved 1048576K
}
Event: 21.854 GC heap before
{Heap before GC invocations=12 (full 0):
 garbage-first heap   total 83968K, used 65107K [0x00000000c1a00000, 0x0000000100000000)
  region size 1024K, 29 young (29696K), 2 survivors (2048K)
 Metaspace       used 29549K, committed 30016K, reserved 1114112K
  class space    used 3335K, committed 3520K, reserved 1048576K
}
Event: 21.889 GC heap after
{Heap after GC invocations=13 (full 0):
 garbage-first heap   total 83968K, used 39284K [0x00000000c1a00000, 0x0000000100000000)
  region size 1024K, 3 young (3072K), 3 survivors (3072K)
 Metaspace       used 29549K, committed 30016K, reserved 1114112K
  class space    used 3335K, committed 3520K, reserved 1048576K
}

